2013-12-01 23:47:11.324:INFO:oejs.Server:jetty-8.1.7.v20120910
2013-12-01 23:47:11.338:INFO:oejdp.ScanningAppProvider:Deployment monitor /Users/zzkhan/work/projects/jersey-spring/jetty/webapps at interval 1
2013-12-01 23:47:11.341:INFO:oejd.DeploymentManager:Deployable added: /Users/zzkhan/work/projects/jersey-spring/jetty/webapps/root
2013-12-01 23:47:11.859:INFO:oejsh.ContextHandler:started o.e.j.w.WebAppContext{/,file:/Users/zzkhan/work/projects/jersey-spring/jetty/webapps/root/},/Users/zzkhan/work/projects/jersey-spring/jetty/webapps/root
2013-12-01 23:47:11.859:INFO:oejsh.ContextHandler:started o.e.j.w.WebAppContext{/,file:/Users/zzkhan/work/projects/jersey-spring/jetty/webapps/root/},/Users/zzkhan/work/projects/jersey-spring/jetty/webapps/root
2013-12-01 23:47:11.859:INFO:oejsh.ContextHandler:started o.e.j.w.WebAppContext{/,file:/Users/zzkhan/work/projects/jersey-spring/jetty/webapps/root/},/Users/zzkhan/work/projects/jersey-spring/jetty/webapps/root
2013-12-01 23:47:11.883:INFO:oejd.DeploymentManager:Deployable added: /Users/zzkhan/work/projects/jersey-spring/jetty/webapps/jersey-spring.war
2013-12-01 23:47:11.893:INFO:oejw.WebInfConfiguration:Extract jar:file:/Users/zzkhan/work/projects/jersey-spring/jetty/webapps/jersey-spring.war!/ to /private/var/folders/jd/j9dtrjsx2fnc_p9h7rynbfzw0000gn/T/jetty-0.0.0.0-8080-jersey-spring.war-_jersey-spring-any-/webapp
2013-12-01 23:47:13.963:INFO:jersey-spring:Spring WebApplicationInitializers detected on classpath: [org.glassfish.jersey.server.spring.SpringWebApplicationInitializer@24d37b87]
2013-12-01 23:47:13.992:INFO:oejsh.ContextHandler:started o.e.j.w.WebAppContext{/jersey-spring,file:/private/var/folders/jd/j9dtrjsx2fnc_p9h7rynbfzw0000gn/T/jetty-0.0.0.0-8080-jersey-spring.war-_jersey-spring-any-/webapp/},/Users/zzkhan/work/projects/jersey-spring/jetty/webapps/jersey-spring.war
2013-12-01 23:47:13.992:INFO:oejsh.ContextHandler:started o.e.j.w.WebAppContext{/jersey-spring,file:/private/var/folders/jd/j9dtrjsx2fnc_p9h7rynbfzw0000gn/T/jetty-0.0.0.0-8080-jersey-spring.war-_jersey-spring-any-/webapp/},/Users/zzkhan/work/projects/jersey-spring/jetty/webapps/jersey-spring.war
2013-12-01 23:47:13.992:INFO:oejsh.ContextHandler:started o.e.j.w.WebAppContext{/jersey-spring,file:/private/var/folders/jd/j9dtrjsx2fnc_p9h7rynbfzw0000gn/T/jetty-0.0.0.0-8080-jersey-spring.war-_jersey-spring-any-/webapp/},/Users/zzkhan/work/projects/jersey-spring/jetty/webapps/jersey-spring.war
2013-12-01 23:47:14.003:INFO:jersey-spring:Initializing Spring root WebApplicationContext
Dec 1, 2013 11:47:14 PM org.springframework.web.context.ContextLoader initWebApplicationContext
INFO: Root WebApplicationContext: initialization started
Dec 1, 2013 11:47:14 PM org.springframework.context.support.AbstractApplicationContext prepareRefresh
INFO: Refreshing Root WebApplicationContext: startup date [Sun Dec 01 23:47:14 GMT 2013]; root of context hierarchy
Dec 1, 2013 11:47:14 PM org.springframework.web.context.support.AnnotationConfigWebApplicationContext loadBeanDefinitions
INFO: Successfully resolved class for [com.zkbizz.ddm.config.AppConfig]
Dec 1, 2013 11:47:14 PM org.springframework.beans.factory.annotation.AutowiredAnnotationBeanPostProcessor <init>
INFO: JSR-330 'javax.inject.Inject' annotation found and supported for autowiring
Dec 1, 2013 11:47:14 PM org.springframework.beans.factory.support.DefaultListableBeanFactory preInstantiateSingletons
INFO: Pre-instantiating singletons in org.springframework.beans.factory.support.DefaultListableBeanFactory@59a51312: defining beans [org.springframework.context.annotation.internalConfigurationAnnotationProcessor,org.springframework.context.annotation.internalAutowiredAnnotationProcessor,org.springframework.context.annotation.internalRequiredAnnotationProcessor,org.springframework.context.annotation.internalCommonAnnotationProcessor,appConfig,org.springframework.context.annotation.ConfigurationClassPostProcessor.importAwareProcessor,defaultTransactionBo,speedyTransactionBo,transactionBo,speedTransactionBo,basic,smart]; root of factory hierarchy
creating DefaultTransactionBo from App Config
creating SpeedyTransactionBo from App Config
Dec 1, 2013 11:47:14 PM org.springframework.web.context.ContextLoader initWebApplicationContext
INFO: Root WebApplicationContext: initialization completed in 291 ms
2013-12-01 23:47:14.296:INFO:oejsh.ContextHandler:started o.e.j.w.WebAppContext{/jersey-spring,file:/private/var/folders/jd/j9dtrjsx2fnc_p9h7rynbfzw0000gn/T/jetty-0.0.0.0-8080-jersey-spring.war-_jersey-spring-any-/webapp/},/Users/zzkhan/work/projects/jersey-spring/jetty/webapps/jersey-spring.war
MyApplication doing shit........
Dec 1, 2013 11:47:14 PM org.glassfish.jersey.server.ApplicationHandler initialize
INFO: Initiating Jersey application, version Jersey: 2.4.1 2013-11-08 12:08:47...
MyApplicationBinder doing shit........
2013-12-01 23:47:14.769:INFO:oejdp.ScanningAppProvider:Deployment monitor /Users/zzkhan/work/projects/jersey-spring/jetty/contexts at interval 1
2013-12-01 23:47:14.770:INFO:oejd.DeploymentManager:Deployable added: /Users/zzkhan/work/projects/jersey-spring/jetty/contexts/javadoc.xml
2013-12-01 23:47:14.782:INFO:oejd.DeploymentManager:Deployable added: /Users/zzkhan/work/projects/jersey-spring/jetty/contexts/hightide.xml
2013-12-01 23:47:14.833:INFO:oejs.AbstractConnector:Started SelectChannelConnector@0.0.0.0:8080
